<?xml version="1.0" encoding="UTF-8"?>
<testng-results ignored="0" total="2" passed="2" failed="0" skipped="0">
  <reporter-output>
  </reporter-output>
  <suite started-at="2020-11-22T15:38:58 IST" name="EmployeesRestAPISuite" finished-at="2020-11-22T15:39:03 IST" duration-ms="5034">
    <groups>
    </groups>
    <test started-at="2020-11-22T15:38:58 IST" name="EmployeesRestAPITest" finished-at="2020-11-22T15:39:03 IST" duration-ms="5034">
      <class name="request.Post">
        <test-method is-config="true" signature="setup()[pri:0, instance:request.Post@d6da883]" started-at="2020-11-22T15:38:58 IST" name="setup" finished-at="2020-11-22T15:38:58 IST" duration-ms="43" status="PASS">
          <reporter-output>
          </reporter-output>
        </test-method> <!-- setup -->
        <test-method is-config="true" signature="Data()[pri:0, instance:request.Post@d6da883]" started-at="2020-11-22T15:38:58 IST" name="Data" finished-at="2020-11-22T15:38:59 IST" duration-ms="885" status="PASS">
          <reporter-output>
          </reporter-output>
        </test-method> <!-- Data -->
        <test-method signature="checkpost()[pri:1, instance:request.Post@d6da883]" started-at="2020-11-22T15:38:59 IST" name="checkpost" finished-at="2020-11-22T15:39:02 IST" duration-ms="3072" status="PASS">
          <reporter-output>
          </reporter-output>
        </test-method> <!-- checkpost -->
        <test-method is-config="true" signature="teardown()[pri:0, instance:request.Post@d6da883]" started-at="2020-11-22T15:39:02 IST" name="teardown" finished-at="2020-11-22T15:39:02 IST" duration-ms="1" status="PASS">
          <reporter-output>
          </reporter-output>
        </test-method> <!-- teardown -->
      </class> <!-- request.Post -->
      <class name="request.update">
        <test-method is-config="true" signature="setup()[pri:0, instance:request.update@45afc369]" started-at="2020-11-22T15:39:02 IST" name="setup" finished-at="2020-11-22T15:39:02 IST" duration-ms="2" status="PASS">
          <reporter-output>
          </reporter-output>
        </test-method> <!-- setup -->
        <test-method is-config="true" signature="datapreapare()[pri:0, instance:request.update@45afc369]" started-at="2020-11-22T15:39:02 IST" name="datapreapare" finished-at="2020-11-22T15:39:02 IST" duration-ms="1" status="PASS">
          <reporter-output>
          </reporter-output>
        </test-method> <!-- datapreapare -->
        <test-method signature="update()[pri:0, instance:request.update@45afc369]" started-at="2020-11-22T15:39:02 IST" name="update" finished-at="2020-11-22T15:39:03 IST" duration-ms="727" status="PASS">
          <reporter-output>
          </reporter-output>
        </test-method> <!-- update -->
      </class> <!-- request.update -->
    </test> <!-- EmployeesRestAPITest -->
  </suite> <!-- EmployeesRestAPISuite -->
</testng-results>
