<?xml version="1.0" encoding="UTF-8"?>
<testng-results ignored="0" total="2" passed="2" failed="0" skipped="0">
  <reporter-output>
  </reporter-output>
  <suite started-at="2021-02-28T11:54:30 IST" name="EmployeesRestAPISuite" finished-at="2021-02-28T11:54:32 IST" duration-ms="2081">
    <groups>
    </groups>
    <test started-at="2021-02-28T11:54:30 IST" name="EmployeesRestAPITest" finished-at="2021-02-28T11:54:32 IST" duration-ms="2081">
      <class name="request.VerifyList">
        <test-method is-config="true" signature="seturl()[pri:0, instance:request.VerifyList@40f08448]" started-at="2021-02-28T11:54:30 IST" name="seturl" finished-at="2021-02-28T11:54:30 IST" duration-ms="374" status="PASS">
          <reporter-output>
          </reporter-output>
        </test-method> <!-- seturl -->
        <test-method signature="verifycodes()[pri:1, instance:request.VerifyList@40f08448]" started-at="2021-02-28T11:54:30 IST" name="verifycodes" finished-at="2021-02-28T11:54:31 IST" duration-ms="1008" status="PASS">
          <reporter-output>
          </reporter-output>
        </test-method> <!-- verifycodes -->
        <test-method signature="verifydata()[pri:2, instance:request.VerifyList@40f08448]" started-at="2021-02-28T11:54:31 IST" name="verifydata" finished-at="2021-02-28T11:54:32 IST" duration-ms="563" status="PASS">
          <reporter-output>
          </reporter-output>
        </test-method> <!-- verifydata -->
      </class> <!-- request.VerifyList -->
    </test> <!-- EmployeesRestAPITest -->
  </suite> <!-- EmployeesRestAPISuite -->
</testng-results>
