<?xml version="1.0" encoding="UTF-8"?>
<testng-results ignored="0" total="2" passed="2" failed="0" skipped="0">
  <reporter-output>
  </reporter-output>
  <suite started-at="2020-12-30T15:34:18 IST" name="EmployeesRestAPISuite" finished-at="2020-12-30T15:34:23 IST" duration-ms="4548">
    <groups>
    </groups>
    <test started-at="2020-12-30T15:34:18 IST" name="EmployeesRestAPITest" finished-at="2020-12-30T15:34:23 IST" duration-ms="4548">
      <class name="request.Post">
        <test-method is-config="true" signature="setup()[pri:0, instance:request.Post@59d016c9]" started-at="2020-12-30T15:34:18 IST" name="setup" finished-at="2020-12-30T15:34:18 IST" duration-ms="27" status="PASS">
          <reporter-output>
          </reporter-output>
        </test-method> <!-- setup -->
        <test-method is-config="true" signature="Data()[pri:0, instance:request.Post@59d016c9]" started-at="2020-12-30T15:34:18 IST" name="Data" finished-at="2020-12-30T15:34:19 IST" duration-ms="591" status="PASS">
          <reporter-output>
          </reporter-output>
        </test-method> <!-- Data -->
        <test-method signature="checkpost()[pri:1, instance:request.Post@59d016c9]" started-at="2020-12-30T15:34:19 IST" name="checkpost" finished-at="2020-12-30T15:34:22 IST" duration-ms="3051" status="PASS">
          <reporter-output>
          </reporter-output>
        </test-method> <!-- checkpost -->
        <test-method is-config="true" signature="teardown()[pri:0, instance:request.Post@59d016c9]" started-at="2020-12-30T15:34:22 IST" name="teardown" finished-at="2020-12-30T15:34:22 IST" duration-ms="1" status="PASS">
          <reporter-output>
          </reporter-output>
        </test-method> <!-- teardown -->
      </class> <!-- request.Post -->
      <class name="request.update">
        <test-method is-config="true" signature="setup()[pri:0, instance:request.update@3cc2931c]" started-at="2020-12-30T15:34:22 IST" name="setup" finished-at="2020-12-30T15:34:22 IST" duration-ms="4" status="PASS">
          <reporter-output>
          </reporter-output>
        </test-method> <!-- setup -->
        <test-method is-config="true" signature="datapreapare()[pri:0, instance:request.update@3cc2931c]" started-at="2020-12-30T15:34:22 IST" name="datapreapare" finished-at="2020-12-30T15:34:22 IST" duration-ms="1" status="PASS">
          <reporter-output>
          </reporter-output>
        </test-method> <!-- datapreapare -->
        <test-method signature="update()[pri:0, instance:request.update@3cc2931c]" started-at="2020-12-30T15:34:22 IST" name="update" finished-at="2020-12-30T15:34:23 IST" duration-ms="688" status="PASS">
          <reporter-output>
          </reporter-output>
        </test-method> <!-- update -->
      </class> <!-- request.update -->
    </test> <!-- EmployeesRestAPITest -->
  </suite> <!-- EmployeesRestAPISuite -->
</testng-results>
