<?xml version="1.0" encoding="UTF-8"?>
<testng-results ignored="0" total="2" passed="2" failed="0" skipped="0">
  <reporter-output>
  </reporter-output>
  <suite started-at="2021-02-28T11:54:00 IST" name="Default suite" finished-at="2021-02-28T11:54:02 IST" duration-ms="2283">
    <groups>
    </groups>
    <test started-at="2021-02-28T11:54:00 IST" name="Default test" finished-at="2021-02-28T11:54:02 IST" duration-ms="2283">
      <class name="request.VerifyList">
        <test-method is-config="true" signature="seturl()[pri:0, instance:request.VerifyList@75329a49]" started-at="2021-02-28T11:54:00 IST" name="seturl" finished-at="2021-02-28T11:54:00 IST" duration-ms="420" status="PASS">
          <reporter-output>
          </reporter-output>
        </test-method> <!-- seturl -->
        <test-method signature="verifycodes()[pri:1, instance:request.VerifyList@75329a49]" started-at="2021-02-28T11:54:00 IST" name="verifycodes" finished-at="2021-02-28T11:54:01 IST" duration-ms="1142" status="PASS">
          <reporter-output>
          </reporter-output>
        </test-method> <!-- verifycodes -->
        <test-method signature="verifydata()[pri:2, instance:request.VerifyList@75329a49]" started-at="2021-02-28T11:54:01 IST" name="verifydata" finished-at="2021-02-28T11:54:02 IST" duration-ms="698" status="PASS">
          <reporter-output>
          </reporter-output>
        </test-method> <!-- verifydata -->
      </class> <!-- request.VerifyList -->
    </test> <!-- Default test -->
  </suite> <!-- Default suite -->
</testng-results>
